<?xml version="1.0" encoding="UTF-8"?>
<!-- Generated by org.testng.reporters.JUnitXMLReporter -->
<<<<<<< HEAD
<testsuite ignored="0" hostname="DESKTOP-ILOVP9M" failures="2" tests="2" name="Default test" time="32.451" errors="0" timestamp="2023-10-11T13:03:50 IST">
  <testcase classname="com_crm_testscriptes.createcampaign" name="createcampaign" time="22.14">
    <failure type="org.openqa.selenium.NoSuchElementException" message="Cannot locate option with text: Public Relations
=======
<testsuite ignored="0" hostname="VEER" failures="1" tests="1" name="Default test" time="22.766" errors="0" timestamp="2023-10-11T13:06:49 IST">
  <testcase classname="com_crm_testscriptes.createcampaign" name="createcampaign" time="12.069">
    <failure type="org.openqa.selenium.NoSuchElementException" message="Cannot locate option with value: Webinar
>>>>>>> branch 'master' of https://github.com/MoorthiEswar/CRM_Automation.git
For documentation on this error, please visit: https://www.selenium.dev/documentation/webdriver/troubleshooting/errors#no-such-element-exception
Build info: version: &amp;apos;4.11.0&amp;apos;, revision: &amp;apos;040bc5406b&amp;apos;
System info: os.name: &amp;apos;Windows 11&amp;apos;, os.arch: &amp;apos;amd64&amp;apos;, os.version: &amp;apos;10.0&amp;apos;, java.version: &amp;apos;20&amp;apos;
Driver info: driver.version: unknown">
<<<<<<< HEAD
      <![CDATA[org.openqa.selenium.NoSuchElementException: Cannot locate option with text: Public Relations
=======
      <![CDATA[org.openqa.selenium.NoSuchElementException: Cannot locate option with value: Webinar
>>>>>>> branch 'master' of https://github.com/MoorthiEswar/CRM_Automation.git
For documentation on this error, please visit: https://www.selenium.dev/documentation/webdriver/troubleshooting/errors#no-such-element-exception
Build info: version: '4.11.0', revision: '040bc5406b'
System info: os.name: 'Windows 11', os.arch: 'amd64', os.version: '10.0', java.version: '20'
Driver info: driver.version: unknown
<<<<<<< HEAD
at org.openqa.selenium.support.ui.Select.selectByVisibleText(Select.java:153)
at com_crm_testscriptes.createcampaign.createcampaign(createcampaign.java:31)
at java.base/jdk.internal.reflect.NativeMethodAccessorImpl.invoke0(Native Method)
at java.base/jdk.internal.reflect.NativeMethodAccessorImpl.invoke(NativeMethodAccessorImpl.java:77)
at java.base/jdk.internal.reflect.DelegatingMethodAccessorImpl.invoke(DelegatingMethodAccessorImpl.java:43)
at java.base/java.lang.reflect.Method.invoke(Method.java:568)
=======
at org.openqa.selenium.support.ui.Select.findOptionsByValue(Select.java:289)
at org.openqa.selenium.support.ui.Select.selectByValue(Select.java:194)
at com_crm_testscriptes.createcampaign.createcampaign(createcampaign.java:30)
at java.base/jdk.internal.reflect.DirectMethodHandleAccessor.invoke(DirectMethodHandleAccessor.java:104)
at java.base/java.lang.reflect.Method.invoke(Method.java:578)
>>>>>>> branch 'master' of https://github.com/MoorthiEswar/CRM_Automation.git
at org.testng.internal.invokers.MethodInvocationHelper.invokeMethod(MethodInvocationHelper.java:139)
at org.testng.internal.invokers.TestInvoker.invokeMethod(TestInvoker.java:664)
at org.testng.internal.invokers.TestInvoker.invokeTestMethod(TestInvoker.java:227)
at org.testng.internal.invokers.MethodRunner.runInSequence(MethodRunner.java:50)
at org.testng.internal.invokers.TestInvoker$MethodInvocationAgent.invoke(TestInvoker.java:957)
at org.testng.internal.invokers.TestInvoker.invokeTestMethods(TestInvoker.java:200)
at org.testng.internal.invokers.TestMethodWorker.invokeTestMethods(TestMethodWorker.java:148)
at org.testng.internal.invokers.TestMethodWorker.run(TestMethodWorker.java:128)
at java.base/java.util.ArrayList.forEach(ArrayList.java:1511)
at org.testng.TestRunner.privateRun(TestRunner.java:848)
at org.testng.TestRunner.run(TestRunner.java:621)
at org.testng.SuiteRunner.runTest(SuiteRunner.java:443)
at org.testng.SuiteRunner.runSequentially(SuiteRunner.java:437)
at org.testng.SuiteRunner.privateRun(SuiteRunner.java:397)
at org.testng.SuiteRunner.run(SuiteRunner.java:336)
at org.testng.SuiteRunnerWorker.runSuite(SuiteRunnerWorker.java:52)
at org.testng.SuiteRunnerWorker.run(SuiteRunnerWorker.java:95)
at org.testng.TestNG.runSuitesSequentially(TestNG.java:1280)
at org.testng.TestNG.runSuitesLocally(TestNG.java:1200)
at org.testng.TestNG.runSuites(TestNG.java:1114)
at org.testng.TestNG.run(TestNG.java:1082)
at org.testng.remote.AbstractRemoteTestNG.run(AbstractRemoteTestNG.java:115)
at org.testng.remote.RemoteTestNG.initAndRun(RemoteTestNG.java:251)
at org.testng.remote.RemoteTestNG.main(RemoteTestNG.java:77)
]]>
    </failure>
  </testcase> <!-- createcampaign -->
  <testcase classname="com_crm_testscriptes.createcampaign" name="createcampaign" time="29.054">
    <failure type="java.lang.IllegalArgumentException" message="Parameter &amp;apos;srcDir&amp;apos; is not a directory: &amp;apos;C:\Users\Dell\AppData\Local\Temp\screenshot10702107803709968767.png&amp;apos;">
      <![CDATA[java.lang.IllegalArgumentException: Parameter 'srcDir' is not a directory: 'C:\Users\Dell\AppData\Local\Temp\screenshot10702107803709968767.png'
at org.apache.commons.io.FileUtils.requireDirectory(FileUtils.java:2635)
at org.apache.commons.io.FileUtils.copyDirectory(FileUtils.java:682)
at org.apache.commons.io.FileUtils.copyDirectory(FileUtils.java:630)
at org.apache.commons.io.FileUtils.copyDirectory(FileUtils.java:531)
at org.apache.commons.io.FileUtils.copyDirectory(FileUtils.java:502)
at com_crm_generies.ListenerClass.onTestFailure(ListenerClass.java:34)
at org.testng.internal.TestListenerHelper.runTestListeners(TestListenerHelper.java:108)
at org.testng.internal.invokers.TestInvoker.runTestResultListener(TestInvoker.java:262)
at org.testng.internal.invokers.TestInvoker.invokeMethod(TestInvoker.java:751)
at org.testng.internal.invokers.TestInvoker.invokeTestMethod(TestInvoker.java:227)
at org.testng.internal.invokers.MethodRunner.runInSequence(MethodRunner.java:50)
at org.testng.internal.invokers.TestInvoker$MethodInvocationAgent.invoke(TestInvoker.java:957)
at org.testng.internal.invokers.TestInvoker.invokeTestMethods(TestInvoker.java:200)
at org.testng.internal.invokers.TestMethodWorker.invokeTestMethods(TestMethodWorker.java:148)
at org.testng.internal.invokers.TestMethodWorker.run(TestMethodWorker.java:128)
at java.base/java.util.ArrayList.forEach(ArrayList.java:1511)
at org.testng.TestRunner.privateRun(TestRunner.java:848)
at org.testng.TestRunner.run(TestRunner.java:621)
at org.testng.SuiteRunner.runTest(SuiteRunner.java:443)
at org.testng.SuiteRunner.runSequentially(SuiteRunner.java:437)
at org.testng.SuiteRunner.privateRun(SuiteRunner.java:397)
at org.testng.SuiteRunner.run(SuiteRunner.java:336)
at org.testng.SuiteRunnerWorker.runSuite(SuiteRunnerWorker.java:52)
at org.testng.SuiteRunnerWorker.run(SuiteRunnerWorker.java:95)
at org.testng.TestNG.runSuitesSequentially(TestNG.java:1280)
at org.testng.TestNG.runSuitesLocally(TestNG.java:1200)
at org.testng.TestNG.runSuites(TestNG.java:1114)
at org.testng.TestNG.run(TestNG.java:1082)
at org.testng.remote.AbstractRemoteTestNG.run(AbstractRemoteTestNG.java:115)
at org.testng.remote.RemoteTestNG.initAndRun(RemoteTestNG.java:251)
at org.testng.remote.RemoteTestNG.main(RemoteTestNG.java:77)
]]>
    </failure>
  </testcase> <!-- createcampaign -->
</testsuite> <!-- Default test -->
